<?xml version="1.0" encoding="UTF-8"?>
<!-- Generated by org.testng.reporters.JUnitReportReporter -->
<testsuite hostname="REL-LAP-20" failures="0" tests="1" name="PageObjectModelWithReport.Login" time="14.129" errors="0" timestamp="03 May 2022 09:57:14 GMT" skipped="0">
  <testcase classname="PageObjectModelWithReport.Login" name="test1_validLoginTest" time="14.129"/>
</testsuite> <!-- PageObjectModelWithReport.Login -->
