<?xml version="1.0" encoding="UTF-8"?>
<!-- Generated by org.testng.reporters.JUnitReportReporter -->
<testsuite hostname="REL-LAP-20" failures="0" tests="1" name="com.picresize.myimageresize.FileUploadForWindows" time="33.052" errors="0" timestamp="03 May 2022 13:51:18 GMT" skipped="0">
  <testcase classname="com.picresize.myimageresize.FileUploadForWindows" name="fileUpload" time="33.052"/>
</testsuite> <!-- com.picresize.myimageresize.FileUploadForWindows -->
